2024-09-25 19:17:52,659 INFO o.h.v.i.u.Version [background-preinit] HV000001: Hibernate Validator 8.0.1.Final
2024-09-25 19:17:52,677 INFO o.s.b.StartupInfoLogger [main] Starting ItemTests using Java 17.0.12 with PID 78790 (started by saadbeidouri in /Users/saadbeidouri/Documents/Projets/BeidouriProject/budgeteer-api)
2024-09-25 19:17:52,678 DEBUG o.s.b.StartupInfoLogger [main] Running with Spring Boot v3.2.2, Spring v6.1.3
2024-09-25 19:17:52,679 INFO o.s.b.SpringApplication [main] No active profile set, falling back to 1 default profile: "default"
2024-09-25 19:17:53,778 WARN o.s.b.a.m.MustacheAutoConfiguration [main] Cannot find template location: classpath:/templates/ (please add some templates, check your Mustache configuration, or set spring.mustache.check-template-location=false)
2024-09-25 19:17:53,791 INFO o.s.m.w.MockServletContext [main] Initializing Spring TestDispatcherServlet ''
2024-09-25 19:17:53,792 INFO o.s.w.s.FrameworkServlet [main] Initializing Servlet ''
2024-09-25 19:17:53,792 INFO o.s.w.s.FrameworkServlet [main] Completed initialization in 0 ms
2024-09-25 19:17:53,806 INFO o.s.b.StartupInfoLogger [main] Started ItemTests in 1.347 seconds (process running for 2.05)
2024-09-25 19:19:41,335 INFO o.h.v.i.u.Version [background-preinit] HV000001: Hibernate Validator 8.0.1.Final
2024-09-25 19:19:41,355 INFO o.s.b.StartupInfoLogger [main] Starting ItemTests using Java 17.0.12 with PID 78821 (started by saadbeidouri in /Users/saadbeidouri/Documents/Projets/BeidouriProject/budgeteer-api)
2024-09-25 19:19:41,356 DEBUG o.s.b.StartupInfoLogger [main] Running with Spring Boot v3.2.2, Spring v6.1.3
2024-09-25 19:19:41,356 INFO o.s.b.SpringApplication [main] No active profile set, falling back to 1 default profile: "default"
2024-09-25 19:19:42,458 WARN o.s.b.a.m.MustacheAutoConfiguration [main] Cannot find template location: classpath:/templates/ (please add some templates, check your Mustache configuration, or set spring.mustache.check-template-location=false)
2024-09-25 19:19:42,473 INFO o.s.m.w.MockServletContext [main] Initializing Spring TestDispatcherServlet ''
2024-09-25 19:19:42,473 INFO o.s.w.s.FrameworkServlet [main] Initializing Servlet ''
2024-09-25 19:19:42,474 INFO o.s.w.s.FrameworkServlet [main] Completed initialization in 1 ms
2024-09-25 19:19:42,489 INFO o.s.b.StartupInfoLogger [main] Started ItemTests in 1.37 seconds (process running for 2.083)
2024-09-25 19:19:49,838 INFO o.h.v.i.u.Version [background-preinit] HV000001: Hibernate Validator 8.0.1.Final
2024-09-25 19:19:49,855 INFO o.s.b.StartupInfoLogger [main] Starting ResidenceTests using Java 17.0.12 with PID 78831 (started by saadbeidouri in /Users/saadbeidouri/Documents/Projets/BeidouriProject/budgeteer-api)
2024-09-25 19:19:49,855 DEBUG o.s.b.StartupInfoLogger [main] Running with Spring Boot v3.2.2, Spring v6.1.3
2024-09-25 19:19:49,856 INFO o.s.b.SpringApplication [main] No active profile set, falling back to 1 default profile: "default"
2024-09-25 19:19:50,798 WARN o.s.b.a.m.MustacheAutoConfiguration [main] Cannot find template location: classpath:/templates/ (please add some templates, check your Mustache configuration, or set spring.mustache.check-template-location=false)
2024-09-25 19:19:50,813 INFO o.s.m.w.MockServletContext [main] Initializing Spring TestDispatcherServlet ''
2024-09-25 19:19:50,813 INFO o.s.w.s.FrameworkServlet [main] Initializing Servlet ''
2024-09-25 19:19:50,814 INFO o.s.w.s.FrameworkServlet [main] Completed initialization in 1 ms
2024-09-25 19:19:50,828 INFO o.s.b.StartupInfoLogger [main] Started ResidenceTests in 1.187 seconds (process running for 1.669)
2024-09-25 19:20:06,899 INFO o.h.v.i.u.Version [background-preinit] HV000001: Hibernate Validator 8.0.1.Final
2024-09-25 19:20:06,916 INFO o.s.b.StartupInfoLogger [main] Starting ResidenceTests using Java 17.0.12 with PID 78845 (started by saadbeidouri in /Users/saadbeidouri/Documents/Projets/BeidouriProject/budgeteer-api)
2024-09-25 19:20:06,916 DEBUG o.s.b.StartupInfoLogger [main] Running with Spring Boot v3.2.2, Spring v6.1.3
2024-09-25 19:20:06,917 INFO o.s.b.SpringApplication [main] No active profile set, falling back to 1 default profile: "default"
2024-09-25 19:20:07,947 WARN o.s.b.a.m.MustacheAutoConfiguration [main] Cannot find template location: classpath:/templates/ (please add some templates, check your Mustache configuration, or set spring.mustache.check-template-location=false)
2024-09-25 19:20:07,962 INFO o.s.m.w.MockServletContext [main] Initializing Spring TestDispatcherServlet ''
2024-09-25 19:20:07,963 INFO o.s.w.s.FrameworkServlet [main] Initializing Servlet ''
2024-09-25 19:20:07,964 INFO o.s.w.s.FrameworkServlet [main] Completed initialization in 1 ms
2024-09-25 19:20:07,978 INFO o.s.b.StartupInfoLogger [main] Started ResidenceTests in 1.314 seconds (process running for 1.801)
2024-09-25 19:20:15,663 INFO o.h.v.i.u.Version [background-preinit] HV000001: Hibernate Validator 8.0.1.Final
2024-09-25 19:20:15,681 INFO o.s.b.StartupInfoLogger [main] Starting UserControllerTest using Java 17.0.12 with PID 78862 (started by saadbeidouri in /Users/saadbeidouri/Documents/Projets/BeidouriProject/budgeteer-api)
2024-09-25 19:20:15,682 DEBUG o.s.b.StartupInfoLogger [main] Running with Spring Boot v3.2.2, Spring v6.1.3
2024-09-25 19:20:15,683 INFO o.s.b.SpringApplication [main] No active profile set, falling back to 1 default profile: "default"
2024-09-25 19:20:16,642 WARN o.s.b.a.m.MustacheAutoConfiguration [main] Cannot find template location: classpath:/templates/ (please add some templates, check your Mustache configuration, or set spring.mustache.check-template-location=false)
2024-09-25 19:20:16,656 INFO o.s.m.w.MockServletContext [main] Initializing Spring TestDispatcherServlet ''
2024-09-25 19:20:16,657 INFO o.s.w.s.FrameworkServlet [main] Initializing Servlet ''
2024-09-25 19:20:16,657 INFO o.s.w.s.FrameworkServlet [main] Completed initialization in 0 ms
2024-09-25 19:20:16,671 INFO o.s.b.StartupInfoLogger [main] Started UserControllerTest in 1.218 seconds (process running for 1.722)
